[2024-09-17 22:43:53] [INFO]: application started
[2024-09-17 22:43:59] [INFO]: Performing an operation for first table
[2024-09-17 22:44:26] [INFO]: 1st table-data collection is successful
[2024-09-17 22:44:26] [INFO]: performing to open a new tab
[2024-09-21 14:28:34] [ERROR]: Sorry, unable to find application.properties
[2024-09-21 14:31:47] [ERROR]: Sorry, unable to find application.properties
[2024-09-21 14:36:26] [ERROR]: Sorry, unable to find application.properties
[2024-09-21 14:39:32] [ERROR]: Sorry, unable to find application.properties
[2024-09-21 14:43:24] [INFO]: success, able to find application.properties
[2024-09-21 14:43:56] [INFO]: success, able to find application.properties
[2024-09-21 14:44:05] [INFO]: success, able to find application.properties
[2024-09-21 14:44:07] [INFO]: success, able to find application.properties
[2024-09-21 14:44:08] [INFO]: application started
[2024-09-21 14:45:57] [INFO]: success, able to find application.properties
[2024-09-21 14:45:59] [INFO]: success, able to find application.properties
[2024-09-21 14:45:59] [INFO]: application started
[2024-09-21 14:45:59] [INFO]: success, able to find page_identifier.properties
[2024-09-21 14:45:59] [INFO]: listOfHeaders is successfully loaded with headers
[2024-09-21 14:45:59] [INFO]: First table headers are successfully loaded in headearsList
[2024-09-21 14:45:59] [INFO]: success, able to find page_identifier.properties
[2024-09-21 14:45:59] [INFO]: success, able to find page_identifier.properties
[2024-09-21 14:45:59] [INFO]: rows of tables are successfully loaded
[2024-09-21 14:45:59] [INFO]: Performing an operation for first table
[2024-09-21 14:45:59] [INFO]: success, able to find page_identifier.properties
[2024-09-21 14:45:59] [INFO]: success, able to find page_identifier.properties
[2024-09-21 14:45:59] [INFO]: cells of table are successfully loaded
[2024-09-21 14:45:59] [INFO]: success, able to find page_identifier.properties
[2024-09-21 14:45:59] [INFO]: success, able to find page_identifier.properties
[2024-09-21 14:45:59] [INFO]: cells of table are successfully loaded
[2024-09-21 14:45:59] [INFO]: success, able to find page_identifier.properties
[2024-09-21 14:45:59] [INFO]: success, able to find page_identifier.properties
[2024-09-21 14:45:59] [INFO]: cells of table are successfully loaded
[2024-09-21 14:46:00] [INFO]: success, able to find page_identifier.properties
[2024-09-21 14:46:00] [INFO]: success, able to find page_identifier.properties
[2024-09-21 14:46:00] [INFO]: cells of table are successfully loaded
[2024-09-21 14:46:00] [INFO]: 1st table-data collection is successful
[2024-09-21 14:46:00] [INFO]: success, able to find application.properties
[2024-09-21 14:46:01] [INFO]: success, able to find application.properties
[2024-09-21 14:46:01] [INFO]: application started
[2024-09-21 14:46:01] [INFO]: success, able to find page_identifier.properties
[2024-09-21 14:46:01] [INFO]: performing to open a new tab
[2024-09-21 14:46:01] [INFO]: currently we are on second page
[2024-09-21 14:50:30] [INFO]: success, able to find application.properties
[2024-09-21 14:50:32] [INFO]: success, able to find application.properties
[2024-09-21 14:50:32] [INFO]: application started
[2024-09-21 14:50:32] [INFO]: success, able to find page_identifier.properties
[2024-09-21 14:50:32] [INFO]: listOfHeaders is successfully loaded with headers
[2024-09-21 14:50:32] [INFO]: First table headers are successfully loaded in headearsList
[2024-09-21 14:50:32] [INFO]: success, able to find page_identifier.properties
[2024-09-21 14:50:32] [INFO]: success, able to find page_identifier.properties
[2024-09-21 14:50:32] [INFO]: rows of tables are successfully loaded
[2024-09-21 14:50:32] [INFO]: Performing an operation for first table
[2024-09-21 14:50:32] [INFO]: success, able to find page_identifier.properties
[2024-09-21 14:50:32] [INFO]: success, able to find page_identifier.properties
[2024-09-21 14:50:32] [INFO]: cells of table are successfully loaded
[2024-09-21 14:50:32] [INFO]: success, able to find page_identifier.properties
[2024-09-21 14:50:32] [INFO]: success, able to find page_identifier.properties
[2024-09-21 14:50:32] [INFO]: cells of table are successfully loaded
[2024-09-21 14:50:32] [INFO]: success, able to find page_identifier.properties
[2024-09-21 14:50:32] [INFO]: success, able to find page_identifier.properties
[2024-09-21 14:50:32] [INFO]: cells of table are successfully loaded
[2024-09-21 14:50:32] [INFO]: success, able to find page_identifier.properties
[2024-09-21 14:50:32] [INFO]: success, able to find page_identifier.properties
[2024-09-21 14:50:32] [INFO]: cells of table are successfully loaded
[2024-09-21 14:50:32] [INFO]: 1st table-data collection is successful
[2024-09-21 14:50:33] [INFO]: success, able to find application.properties
[2024-09-21 14:50:34] [INFO]: success, able to find application.properties
[2024-09-21 14:50:34] [INFO]: application started
[2024-09-21 14:50:34] [INFO]: success, able to find page_identifier.properties
[2024-09-21 14:50:34] [INFO]: performing to open a new tab
[2024-09-21 14:50:34] [INFO]: currently we are on second page
[2024-09-21 14:50:59] [INFO]: we moved on first page
[2024-09-21 14:57:35] [INFO]: success, able to find application.properties
[2024-09-21 14:57:37] [INFO]: success, able to find application.properties
[2024-09-21 14:57:37] [INFO]: application started
[2024-09-21 14:57:37] [INFO]: success, able to find page_identifier.properties
[2024-09-21 14:57:37] [INFO]: listOfHeaders is successfully loaded with headers
[2024-09-21 14:57:37] [INFO]: First table headers are successfully loaded in headearsList
[2024-09-21 14:57:37] [INFO]: success, able to find page_identifier.properties
[2024-09-21 14:57:37] [INFO]: success, able to find page_identifier.properties
[2024-09-21 14:57:37] [INFO]: rows of tables are successfully loaded
[2024-09-21 14:57:37] [INFO]: Performing an operation for first table
[2024-09-21 14:57:37] [INFO]: success, able to find page_identifier.properties
[2024-09-21 14:57:37] [INFO]: success, able to find page_identifier.properties
[2024-09-21 14:57:37] [INFO]: cells of table are successfully loaded
[2024-09-21 14:57:37] [INFO]: success, able to find page_identifier.properties
[2024-09-21 14:57:37] [INFO]: success, able to find page_identifier.properties
[2024-09-21 14:57:37] [INFO]: cells of table are successfully loaded
[2024-09-21 14:57:37] [INFO]: success, able to find page_identifier.properties
[2024-09-21 14:57:37] [INFO]: success, able to find page_identifier.properties
[2024-09-21 14:57:37] [INFO]: cells of table are successfully loaded
[2024-09-21 14:57:37] [INFO]: success, able to find page_identifier.properties
[2024-09-21 14:57:37] [INFO]: success, able to find page_identifier.properties
[2024-09-21 14:57:37] [INFO]: cells of table are successfully loaded
[2024-09-21 14:57:37] [INFO]: 1st table-data collection is successful
[2024-09-21 14:57:37] [INFO]: success, able to find application.properties
[2024-09-21 14:57:38] [INFO]: success, able to find application.properties
[2024-09-21 14:57:39] [INFO]: application started
[2024-09-21 14:57:39] [INFO]: success, able to find page_identifier.properties
[2024-09-21 14:57:39] [INFO]: performing to open a new tab
[2024-09-21 14:57:39] [INFO]: currently we are on second page
[2024-09-21 14:58:03] [INFO]: we moved on first page
[2024-09-21 15:00:58] [INFO]: success, able to find application.properties
[2024-09-21 15:01:00] [INFO]: success, able to find application.properties
[2024-09-21 15:01:00] [INFO]: application started
[2024-09-21 15:01:00] [INFO]: success, able to find page_identifier.properties
[2024-09-21 15:01:00] [INFO]: listOfHeaders is successfully loaded with headers
[2024-09-21 15:01:00] [INFO]: First table headers are successfully loaded in headearsList
[2024-09-21 15:01:00] [INFO]: success, able to find page_identifier.properties
[2024-09-21 15:01:00] [INFO]: success, able to find page_identifier.properties
[2024-09-21 15:01:00] [INFO]: rows of tables are successfully loaded
[2024-09-21 15:01:00] [INFO]: Performing an operation for first table
[2024-09-21 15:01:00] [INFO]: success, able to find page_identifier.properties
[2024-09-21 15:01:00] [INFO]: success, able to find page_identifier.properties
[2024-09-21 15:01:00] [INFO]: cells of table are successfully loaded
[2024-09-21 15:01:00] [INFO]: success, able to find page_identifier.properties
[2024-09-21 15:01:00] [INFO]: success, able to find page_identifier.properties
[2024-09-21 15:01:00] [INFO]: cells of table are successfully loaded
[2024-09-21 15:01:00] [INFO]: success, able to find page_identifier.properties
[2024-09-21 15:01:00] [INFO]: success, able to find page_identifier.properties
[2024-09-21 15:01:00] [INFO]: cells of table are successfully loaded
[2024-09-21 15:01:00] [INFO]: success, able to find page_identifier.properties
[2024-09-21 15:01:00] [INFO]: success, able to find page_identifier.properties
[2024-09-21 15:01:00] [INFO]: cells of table are successfully loaded
[2024-09-21 15:01:00] [INFO]: 1st table-data collection is successful
[2024-09-21 15:01:01] [INFO]: success, able to find application.properties
[2024-09-21 15:01:01] [INFO]: success, able to find application.properties
[2024-09-21 15:01:02] [INFO]: application started
[2024-09-21 15:01:02] [INFO]: success, able to find page_identifier.properties
[2024-09-21 15:01:02] [INFO]: performing to open a new tab
[2024-09-21 15:01:02] [INFO]: currently we are on second page
[2024-09-21 15:01:26] [INFO]: we moved on first page
[2024-09-23 00:51:07] [INFO]: success, able to find application.properties
[2024-09-23 00:51:09] [INFO]: success, able to find application.properties
[2024-09-23 00:51:10] [INFO]: application started
[2024-09-23 00:51:10] [INFO]: success, able to find page_identifier.properties
[2024-09-23 00:51:10] [INFO]: listOfHeaders is successfully loaded with headers
[2024-09-23 00:51:10] [INFO]: First table headers are successfully loaded in headearsList
[2024-09-23 00:51:10] [INFO]: success, able to find page_identifier.properties
[2024-09-23 00:51:10] [INFO]: success, able to find page_identifier.properties
[2024-09-23 00:51:10] [INFO]: rows of tables are successfully loaded
[2024-09-23 00:51:10] [INFO]: Performing an operation for first table
[2024-09-23 00:51:10] [INFO]: success, able to find page_identifier.properties
[2024-09-23 00:51:10] [INFO]: success, able to find page_identifier.properties
[2024-09-23 00:51:10] [INFO]: cells of table are successfully loaded
[2024-09-23 00:51:10] [INFO]: success, able to find page_identifier.properties
[2024-09-23 00:51:10] [INFO]: success, able to find page_identifier.properties
[2024-09-23 00:51:10] [INFO]: cells of table are successfully loaded
[2024-09-23 00:51:10] [INFO]: success, able to find page_identifier.properties
[2024-09-23 00:51:10] [INFO]: success, able to find page_identifier.properties
[2024-09-23 00:51:10] [INFO]: cells of table are successfully loaded
[2024-09-23 00:51:10] [INFO]: success, able to find page_identifier.properties
[2024-09-23 00:51:10] [INFO]: success, able to find page_identifier.properties
[2024-09-23 00:51:10] [INFO]: cells of table are successfully loaded
[2024-09-23 00:51:10] [INFO]: 1st table-data collection is successful
[2024-09-23 00:51:10] [INFO]: success, able to find application.properties
[2024-09-23 00:51:11] [INFO]: success, able to find application.properties
[2024-09-23 00:51:11] [INFO]: application started
[2024-09-23 00:51:11] [INFO]: success, able to find page_identifier.properties
[2024-09-23 00:51:12] [INFO]: performing to open a new tab
[2024-09-23 00:51:12] [INFO]: currently we are on second page
[2024-09-23 00:51:35] [INFO]: we moved on first page
